INFO 2020-06-28 08:44:30,638 autoreload 598 Watching for file changes with StatReloader
INFO 2020-06-28 08:45:54,225 autoreload 598 Watching for file changes with StatReloader
ERROR 2020-06-28 08:45:59,463 exception 77 Invalid HTTP_HOST header: '121.36.97.197:9000'. You may need to add '121.36.97.197' to ALLOWED_HOSTS.
WARNING 2020-06-28 08:45:59,509 log 228 Bad Request: /
WARNING 2020-06-28 08:45:59,510 basehttp 157 "GET / HTTP/1.1" 400 64935
ERROR 2020-06-28 08:46:00,043 exception 77 Invalid HTTP_HOST header: '121.36.97.197:9000'. You may need to add '121.36.97.197' to ALLOWED_HOSTS.
WARNING 2020-06-28 08:46:00,082 log 228 Bad Request: /favicon.ico
WARNING 2020-06-28 08:46:00,083 basehttp 157 "GET /favicon.ico HTTP/1.1" 400 64978
INFO 2020-06-28 08:47:06,241 autoreload 598 Watching for file changes with StatReloader
INFO 2020-06-28 08:47:08,045 basehttp 157 "GET / HTTP/1.1" 200 16351
INFO 2020-06-28 08:47:08,094 basehttp 157 "GET /static/admin/css/fonts.css HTTP/1.1" 200 423
INFO 2020-06-28 08:47:08,212 basehttp 157 "GET /static/admin/fonts/Roboto-Bold-webfont.woff HTTP/1.1" 200 86184
INFO 2020-06-28 08:47:10,129 basehttp 157 "GET /static/admin/fonts/Roboto-Regular-webfont.woff HTTP/1.1" 200 85876
INFO 2020-06-28 08:47:10,137 basehttp 157 "GET /static/admin/fonts/Roboto-Light-webfont.woff HTTP/1.1" 200 85692
WARNING 2020-06-28 08:47:10,510 log 228 Not Found: /favicon.ico
WARNING 2020-06-28 08:47:10,510 basehttp 157 "GET /favicon.ico HTTP/1.1" 404 1974
INFO 2020-06-28 09:23:28,854 autoreload 598 Watching for file changes with StatReloader
INFO 2020-06-28 09:24:30,500 autoreload 598 Watching for file changes with StatReloader
ERROR 2020-06-28 09:24:34,826 log 228 Internal Server Error: /
Traceback (most recent call last):
  File "/root/.virtualenvs/Blog/lib/python3.7/site-packages/django/core/handlers/exception.py", line 34, in inner
    response = get_response(request)
  File "/root/.virtualenvs/Blog/lib/python3.7/site-packages/django/core/handlers/base.py", line 115, in _get_response
    response = self.process_exception_by_middleware(e, request)
  File "/root/.virtualenvs/Blog/lib/python3.7/site-packages/django/core/handlers/base.py", line 113, in _get_response
    response = wrapped_callback(request, *callback_args, **callback_kwargs)
  File "/root/Blog01/Blog/my/views.py", line 7, in index
    return render(request,'index.html')
  File "/root/.virtualenvs/Blog/lib/python3.7/site-packages/django/shortcuts.py", line 19, in render
    content = loader.render_to_string(template_name, context, request, using=using)
  File "/root/.virtualenvs/Blog/lib/python3.7/site-packages/django/template/loader.py", line 61, in render_to_string
    template = get_template(template_name, using=using)
  File "/root/.virtualenvs/Blog/lib/python3.7/site-packages/django/template/loader.py", line 19, in get_template
    raise TemplateDoesNotExist(template_name, chain=chain)
django.template.exceptions.TemplateDoesNotExist: index.html
ERROR 2020-06-28 09:24:34,827 basehttp 157 "GET / HTTP/1.1" 500 79721
INFO 2020-06-28 09:30:58,702 autoreload 598 Watching for file changes with StatReloader
INFO 2020-06-28 09:31:04,396 basehttp 157 "GET / HTTP/1.1" 200 11726
WARNING 2020-06-28 09:31:04,528 log 228 Not Found: /bootstrap/css/bootstrap.min.css
WARNING 2020-06-28 09:31:04,528 basehttp 157 "GET /bootstrap/css/bootstrap.min.css HTTP/1.1" 404 2195
WARNING 2020-06-28 09:31:04,534 log 228 Not Found: /md_css/monokai.css
WARNING 2020-06-28 09:31:04,535 basehttp 157 "GET /md_css/monokai.css HTTP/1.1" 404 2156
WARNING 2020-06-28 09:31:04,544 log 228 Not Found: /common/common.css
WARNING 2020-06-28 09:31:04,545 basehttp 157 "GET /common/common.css HTTP/1.1" 404 2153
WARNING 2020-06-28 09:31:04,547 log 228 Not Found: /common/jquery.pagination.css
WARNING 2020-06-28 09:31:04,547 basehttp 157 "GET /common/jquery.pagination.css HTTP/1.1" 404 2186
WARNING 2020-06-28 09:31:04,551 log 228 Not Found: /js/jquery-1.12.4.min.js
WARNING 2020-06-28 09:31:04,552 basehttp 157 "GET /js/jquery-1.12.4.min.js HTTP/1.1" 404 2171
WARNING 2020-06-28 09:31:04,554 log 228 Not Found: /js/axios-0.18.0.min.js
WARNING 2020-06-28 09:31:04,549 log 228 Not Found: /js/vue-2.5.16.js
WARNING 2020-06-28 09:31:04,554 basehttp 157 "GET /js/vue-2.5.16.js HTTP/1.1" 404 2150
WARNING 2020-06-28 09:31:04,554 basehttp 157 "GET /js/axios-0.18.0.min.js HTTP/1.1" 404 2168
WARNING 2020-06-28 09:31:04,580 log 228 Not Found: /js/host.js
WARNING 2020-06-28 09:31:04,580 basehttp 157 "GET /js/host.js HTTP/1.1" 404 2132
WARNING 2020-06-28 09:31:04,597 log 228 Not Found: /js/common.js
WARNING 2020-06-28 09:31:04,598 basehttp 157 "GET /js/common.js HTTP/1.1" 404 2138
WARNING 2020-06-28 09:31:04,613 log 228 Not Found: /js/index.js
WARNING 2020-06-28 09:31:04,613 basehttp 157 "GET /js/index.js HTTP/1.1" 404 2135
WARNING 2020-06-28 09:31:04,636 log 228 Not Found: /js/jquery.pagination.min.js
WARNING 2020-06-28 09:31:04,636 basehttp 157 "GET /js/jquery.pagination.min.js HTTP/1.1" 404 2183
WARNING 2020-06-28 09:31:04,654 log 228 Not Found: /img/1.jpg
WARNING 2020-06-28 09:31:04,654 basehttp 157 "GET /img/1.jpg HTTP/1.1" 404 2129
WARNING 2020-06-28 09:31:05,664 log 228 Not Found: /js/axios-0.18.0.min.js
WARNING 2020-06-28 09:31:05,664 basehttp 157 "GET /js/axios-0.18.0.min.js HTTP/1.1" 404 2168
WARNING 2020-06-28 09:31:05,689 log 228 Not Found: /js/jquery-1.12.4.min.js
WARNING 2020-06-28 09:31:05,689 basehttp 157 "GET /js/jquery-1.12.4.min.js HTTP/1.1" 404 2171
WARNING 2020-06-28 09:31:05,721 log 228 Not Found: /img/1.jpg
WARNING 2020-06-28 09:31:05,722 basehttp 157 "GET /img/1.jpg HTTP/1.1" 404 2129
WARNING 2020-06-28 09:31:05,779 log 228 Not Found: /js/host.js
WARNING 2020-06-28 09:31:05,780 basehttp 157 "GET /js/host.js HTTP/1.1" 404 2132
WARNING 2020-06-28 09:31:05,812 log 228 Not Found: /js/common.js
WARNING 2020-06-28 09:31:05,812 basehttp 157 "GET /js/common.js HTTP/1.1" 404 2138
WARNING 2020-06-28 09:31:05,837 log 228 Not Found: /js/index.js
WARNING 2020-06-28 09:31:05,837 basehttp 157 "GET /js/index.js HTTP/1.1" 404 2135
WARNING 2020-06-28 09:31:05,864 log 228 Not Found: /js/jquery.pagination.min.js
WARNING 2020-06-28 09:31:05,865 basehttp 157 "GET /js/jquery.pagination.min.js HTTP/1.1" 404 2183
WARNING 2020-06-28 09:31:16,142 log 228 Not Found: /detail.html
WARNING 2020-06-28 09:31:16,143 basehttp 157 "GET /detail.html HTTP/1.1" 404 2135
WARNING 2020-06-28 09:31:17,550 log 228 Not Found: /common/common.css
WARNING 2020-06-28 09:31:17,552 basehttp 157 "GET /common/common.css HTTP/1.1" 404 2153
WARNING 2020-06-28 09:31:17,552 log 228 Not Found: /common/jquery.pagination.css
WARNING 2020-06-28 09:31:17,553 basehttp 157 "GET /common/jquery.pagination.css HTTP/1.1" 404 2186
WARNING 2020-06-28 09:31:17,586 log 228 Not Found: /js/axios-0.18.0.min.js
WARNING 2020-06-28 09:31:17,586 basehttp 157 "GET /js/axios-0.18.0.min.js HTTP/1.1" 404 2168
WARNING 2020-06-28 09:31:17,589 log 228 Not Found: /js/vue-2.5.16.js
WARNING 2020-06-28 09:31:17,589 basehttp 157 "GET /js/vue-2.5.16.js HTTP/1.1" 404 2150
WARNING 2020-06-28 09:31:17,591 log 228 Not Found: /js/jquery-1.12.4.min.js
WARNING 2020-06-28 09:31:17,591 basehttp 157 "GET /js/jquery-1.12.4.min.js HTTP/1.1" 404 2171
WARNING 2020-06-28 09:31:17,614 log 228 Not Found: /js/axios-0.18.0.min.js
WARNING 2020-06-28 09:31:17,615 basehttp 157 "GET /js/axios-0.18.0.min.js HTTP/1.1" 404 2168
WARNING 2020-06-28 09:31:17,617 log 228 Not Found: /js/host.js
WARNING 2020-06-28 09:31:17,617 basehttp 157 "GET /js/host.js HTTP/1.1" 404 2132
WARNING 2020-06-28 09:31:17,640 log 228 Not Found: /js/jquery-1.12.4.min.js
WARNING 2020-06-28 09:31:17,640 basehttp 157 "GET /js/jquery-1.12.4.min.js HTTP/1.1" 404 2171
WARNING 2020-06-28 09:31:17,643 log 228 Not Found: /js/common.js
WARNING 2020-06-28 09:31:17,643 basehttp 157 "GET /js/common.js HTTP/1.1" 404 2138
WARNING 2020-06-28 09:31:17,664 log 228 Not Found: /js/index.js
WARNING 2020-06-28 09:31:17,665 basehttp 157 "GET /js/index.js HTTP/1.1" 404 2135
WARNING 2020-06-28 09:31:17,669 log 228 Not Found: /js/host.js
WARNING 2020-06-28 09:31:17,669 basehttp 157 "GET /js/host.js HTTP/1.1" 404 2132
WARNING 2020-06-28 09:31:17,671 log 228 Not Found: /js/jquery.pagination.min.js
WARNING 2020-06-28 09:31:17,671 basehttp 157 "GET /js/jquery.pagination.min.js HTTP/1.1" 404 2183
WARNING 2020-06-28 09:31:17,689 log 228 Not Found: /js/index.js
WARNING 2020-06-28 09:31:17,689 basehttp 157 "GET /js/index.js HTTP/1.1" 404 2135
WARNING 2020-06-28 09:31:17,714 log 228 Not Found: /js/jquery.pagination.min.js
WARNING 2020-06-28 09:31:17,714 basehttp 157 "GET /js/jquery.pagination.min.js HTTP/1.1" 404 2183
WARNING 2020-06-28 09:31:19,664 log 228 Not Found: /detail.html
WARNING 2020-06-28 09:31:19,665 basehttp 157 "GET /detail.html HTTP/1.1" 404 2135
WARNING 2020-06-28 09:31:20,965 log 228 Not Found: /common/jquery.pagination.css
WARNING 2020-06-28 09:31:20,967 log 228 Not Found: /common/common.css
WARNING 2020-06-28 09:31:20,968 basehttp 157 "GET /common/common.css HTTP/1.1" 404 2153
WARNING 2020-06-28 09:31:20,967 basehttp 157 "GET /common/jquery.pagination.css HTTP/1.1" 404 2186
WARNING 2020-06-28 09:31:20,988 log 228 Not Found: /js/axios-0.18.0.min.js
WARNING 2020-06-28 09:31:20,989 basehttp 157 "GET /js/axios-0.18.0.min.js HTTP/1.1" 404 2168
WARNING 2020-06-28 09:31:20,990 log 228 Not Found: /js/vue-2.5.16.js
WARNING 2020-06-28 09:31:20,990 basehttp 157 "GET /js/vue-2.5.16.js HTTP/1.1" 404 2150
WARNING 2020-06-28 09:31:20,992 log 228 Not Found: /js/jquery-1.12.4.min.js
WARNING 2020-06-28 09:31:20,992 basehttp 157 "GET /js/jquery-1.12.4.min.js HTTP/1.1" 404 2171
WARNING 2020-06-28 09:31:21,012 log 228 Not Found: /js/axios-0.18.0.min.js
WARNING 2020-06-28 09:31:21,012 basehttp 157 "GET /js/axios-0.18.0.min.js HTTP/1.1" 404 2168
WARNING 2020-06-28 09:31:21,013 log 228 Not Found: /js/host.js
WARNING 2020-06-28 09:31:21,014 basehttp 157 "GET /js/host.js HTTP/1.1" 404 2132
WARNING 2020-06-28 09:31:21,039 log 228 Not Found: /js/jquery-1.12.4.min.js
WARNING 2020-06-28 09:31:21,039 basehttp 157 "GET /js/jquery-1.12.4.min.js HTTP/1.1" 404 2171
WARNING 2020-06-28 09:31:21,041 log 228 Not Found: /js/index.js
WARNING 2020-06-28 09:31:21,042 basehttp 157 "GET /js/index.js HTTP/1.1" 404 2135
WARNING 2020-06-28 09:31:21,062 log 228 Not Found: /js/jquery.pagination.min.js
WARNING 2020-06-28 09:31:21,062 basehttp 157 "GET /js/jquery.pagination.min.js HTTP/1.1" 404 2183
WARNING 2020-06-28 09:31:21,066 log 228 Not Found: /js/host.js
WARNING 2020-06-28 09:31:21,066 basehttp 157 "GET /js/host.js HTTP/1.1" 404 2132
WARNING 2020-06-28 09:31:21,092 log 228 Not Found: /js/jquery.pagination.min.js
WARNING 2020-06-28 09:31:21,092 basehttp 157 "GET /js/jquery.pagination.min.js HTTP/1.1" 404 2183
INFO 2020-06-28 13:40:44,032 autoreload 598 Watching for file changes with StatReloader
INFO 2020-06-28 13:43:09,632 autoreload 598 Watching for file changes with StatReloader
WARNING 2020-06-28 13:43:19,867 log 228 Not Found: /
WARNING 2020-06-28 13:43:19,867 basehttp 157 "GET / HTTP/1.1" 404 2096
WARNING 2020-06-28 13:43:20,172 log 228 Not Found: /favicon.ico
WARNING 2020-06-28 13:43:20,173 basehttp 157 "GET /favicon.ico HTTP/1.1" 404 2147
INFO 2020-06-28 13:43:27,089 basehttp 157 "GET /register HTTP/1.1" 301 0
ERROR 2020-06-28 13:43:27,200 log 228 Internal Server Error: /register/
Traceback (most recent call last):
  File "/root/.virtualenvs/Blog/lib/python3.7/site-packages/django/template/defaulttags.py", line 1021, in find_library
    return parser.libraries[name]
KeyError: 'staticfiles'

During handling of the above exception, another exception occurred:

Traceback (most recent call last):
  File "/root/.virtualenvs/Blog/lib/python3.7/site-packages/django/core/handlers/exception.py", line 34, in inner
    response = get_response(request)
  File "/root/.virtualenvs/Blog/lib/python3.7/site-packages/django/core/handlers/base.py", line 115, in _get_response
    response = self.process_exception_by_middleware(e, request)
  File "/root/.virtualenvs/Blog/lib/python3.7/site-packages/django/core/handlers/base.py", line 113, in _get_response
    response = wrapped_callback(request, *callback_args, **callback_kwargs)
  File "/root/.virtualenvs/Blog/lib/python3.7/site-packages/django/views/generic/base.py", line 71, in view
    return self.dispatch(request, *args, **kwargs)
  File "/root/.virtualenvs/Blog/lib/python3.7/site-packages/django/views/generic/base.py", line 97, in dispatch
    return handler(request, *args, **kwargs)
  File "/root/Blog01/Blog/users/views.py", line 14, in get
    return render(request, 'register.html')
  File "/root/.virtualenvs/Blog/lib/python3.7/site-packages/django/shortcuts.py", line 19, in render
    content = loader.render_to_string(template_name, context, request, using=using)
  File "/root/.virtualenvs/Blog/lib/python3.7/site-packages/django/template/loader.py", line 61, in render_to_string
    template = get_template(template_name, using=using)
  File "/root/.virtualenvs/Blog/lib/python3.7/site-packages/django/template/loader.py", line 15, in get_template
    return engine.get_template(template_name)
  File "/root/.virtualenvs/Blog/lib/python3.7/site-packages/django/template/backends/django.py", line 34, in get_template
    return Template(self.engine.get_template(template_name), self)
  File "/root/.virtualenvs/Blog/lib/python3.7/site-packages/django/template/engine.py", line 143, in get_template
    template, origin = self.find_template(template_name)
  File "/root/.virtualenvs/Blog/lib/python3.7/site-packages/django/template/engine.py", line 125, in find_template
    template = loader.get_template(name, skip=skip)
  File "/root/.virtualenvs/Blog/lib/python3.7/site-packages/django/template/loaders/base.py", line 30, in get_template
    contents, origin, origin.template_name, self.engine,
  File "/root/.virtualenvs/Blog/lib/python3.7/site-packages/django/template/base.py", line 156, in __init__
    self.nodelist = self.compile_nodelist()
  File "/root/.virtualenvs/Blog/lib/python3.7/site-packages/django/template/base.py", line 194, in compile_nodelist
    return parser.parse()
  File "/root/.virtualenvs/Blog/lib/python3.7/site-packages/django/template/base.py", line 477, in parse
    raise self.error(token, e)
  File "/root/.virtualenvs/Blog/lib/python3.7/site-packages/django/template/base.py", line 475, in parse
    compiled_result = compile_func(self, token)
  File "/root/.virtualenvs/Blog/lib/python3.7/site-packages/django/template/defaulttags.py", line 1078, in load
    lib = find_library(parser, name)
  File "/root/.virtualenvs/Blog/lib/python3.7/site-packages/django/template/defaulttags.py", line 1025, in find_library
    name, "\n".join(sorted(parser.libraries)),
django.template.exceptions.TemplateSyntaxError: 'staticfiles' is not a registered tag library. Must be one of:
admin_list
admin_modify
admin_urls
cache
i18n
l10n
log
static
tz
ERROR 2020-06-28 13:43:27,228 basehttp 157 "GET /register/ HTTP/1.1" 500 155096
INFO 2020-06-28 13:44:04,472 autoreload 598 Watching for file changes with StatReloader
INFO 2020-06-28 13:44:06,458 basehttp 157 "GET /register/ HTTP/1.1" 200 5320
INFO 2020-06-28 13:44:06,556 basehttp 157 "GET /static/bootstrap/css/bootstrap.min.css HTTP/1.1" 200 140942
INFO 2020-06-28 13:44:06,559 basehttp 157 "GET /static/js/common.js HTTP/1.1" 200 891
INFO 2020-06-28 13:44:06,560 basehttp 157 "GET /static/js/register.js HTTP/1.1" 200 6407
INFO 2020-06-28 13:44:06,561 basehttp 157 "GET /static/js/axios-0.18.0.min.js HTTP/1.1" 200 12941
INFO 2020-06-28 13:44:06,561 basehttp 157 "GET /static/js/host.js HTTP/1.1" 200 35
INFO 2020-06-28 13:44:07,499 basehttp 157 "GET /static/js/vue-2.5.16.js HTTP/1.1" 200 289307
WARNING 2020-06-28 13:44:21,347 log 228 Not Found: /users/register/
WARNING 2020-06-28 13:44:21,348 basehttp 157 "GET /users/register/ HTTP/1.1" 404 2159
INFO 2020-06-28 14:22:19,660 autoreload 598 Watching for file changes with StatReloader
INFO 2020-06-28 14:22:47,622 autoreload 598 Watching for file changes with StatReloader
INFO 2020-06-28 14:22:51,177 basehttp 157 "GET /register/ HTTP/1.1" 200 4383
INFO 2020-06-28 14:22:51,255 basehttp 157 "GET /static/bootstrap/css/bootstrap.min.css HTTP/1.1" 304 0
INFO 2020-06-28 14:22:51,283 basehttp 157 "GET /static/js/vue-2.5.16.js HTTP/1.1" 304 0
INFO 2020-06-28 14:22:51,302 basehttp 157 "GET /static/js/common.js HTTP/1.1" 304 0
INFO 2020-06-28 14:22:51,303 basehttp 157 "GET /static/js/register.js HTTP/1.1" 304 0
INFO 2020-06-28 14:22:51,303 basehttp 157 "GET /static/js/host.js HTTP/1.1" 304 0
INFO 2020-06-28 14:22:51,304 basehttp 157 "GET /static/js/axios-0.18.0.min.js HTTP/1.1" 304 0
WARNING 2020-06-28 14:22:59,004 basehttp 157 "GET /static/js/axios.min.map HTTP/1.1" 404 1678
INFO 2020-06-28 14:23:01,123 basehttp 157 "GET /static/bootstrap/css/bootstrap.min.css.map HTTP/1.1" 200 562427
INFO 2020-06-28 14:23:12,180 basehttp 157 "GET /register/ HTTP/1.1" 200 4383
WARNING 2020-06-28 14:23:12,351 basehttp 157 "GET /static/js/axios.min.map HTTP/1.1" 404 1678
INFO 2020-06-28 14:23:53,122 basehttp 157 "GET /register/ HTTP/1.1" 200 4383
WARNING 2020-06-28 14:23:53,226 basehttp 157 "GET /static/js/axios.min.map HTTP/1.1" 404 1678
INFO 2020-06-28 14:33:21,877 autoreload 598 Watching for file changes with StatReloader
ERROR 2020-06-28 14:33:25,677 log 228 Internal Server Error: /register/
Traceback (most recent call last):
  File "/root/.virtualenvs/Blog/lib/python3.7/site-packages/django/template/base.py", line 469, in parse
    compile_func = self.tags[command]
KeyError: 'static'

During handling of the above exception, another exception occurred:

Traceback (most recent call last):
  File "/root/.virtualenvs/Blog/lib/python3.7/site-packages/django/core/handlers/exception.py", line 34, in inner
    response = get_response(request)
  File "/root/.virtualenvs/Blog/lib/python3.7/site-packages/django/core/handlers/base.py", line 115, in _get_response
    response = self.process_exception_by_middleware(e, request)
  File "/root/.virtualenvs/Blog/lib/python3.7/site-packages/django/core/handlers/base.py", line 113, in _get_response
    response = wrapped_callback(request, *callback_args, **callback_kwargs)
  File "/root/.virtualenvs/Blog/lib/python3.7/site-packages/django/views/generic/base.py", line 71, in view
    return self.dispatch(request, *args, **kwargs)
  File "/root/.virtualenvs/Blog/lib/python3.7/site-packages/django/views/generic/base.py", line 97, in dispatch
    return handler(request, *args, **kwargs)
  File "/root/Blog01/Blog/users/views.py", line 17, in get
    return render(request, 'register.html')
  File "/root/.virtualenvs/Blog/lib/python3.7/site-packages/django/shortcuts.py", line 19, in render
    content = loader.render_to_string(template_name, context, request, using=using)
  File "/root/.virtualenvs/Blog/lib/python3.7/site-packages/django/template/loader.py", line 61, in render_to_string
    template = get_template(template_name, using=using)
  File "/root/.virtualenvs/Blog/lib/python3.7/site-packages/django/template/loader.py", line 15, in get_template
    return engine.get_template(template_name)
  File "/root/.virtualenvs/Blog/lib/python3.7/site-packages/django/template/backends/django.py", line 34, in get_template
    return Template(self.engine.get_template(template_name), self)
  File "/root/.virtualenvs/Blog/lib/python3.7/site-packages/django/template/engine.py", line 143, in get_template
    template, origin = self.find_template(template_name)
  File "/root/.virtualenvs/Blog/lib/python3.7/site-packages/django/template/engine.py", line 125, in find_template
    template = loader.get_template(name, skip=skip)
  File "/root/.virtualenvs/Blog/lib/python3.7/site-packages/django/template/loaders/base.py", line 30, in get_template
    contents, origin, origin.template_name, self.engine,
  File "/root/.virtualenvs/Blog/lib/python3.7/site-packages/django/template/base.py", line 156, in __init__
    self.nodelist = self.compile_nodelist()
  File "/root/.virtualenvs/Blog/lib/python3.7/site-packages/django/template/base.py", line 194, in compile_nodelist
    return parser.parse()
  File "/root/.virtualenvs/Blog/lib/python3.7/site-packages/django/template/base.py", line 471, in parse
    self.invalid_block_tag(token, command, parse_until)
  File "/root/.virtualenvs/Blog/lib/python3.7/site-packages/django/template/base.py", line 533, in invalid_block_tag
    "or load this tag?" % (token.lineno, command)
django.template.exceptions.TemplateSyntaxError: Invalid block tag on line 11: 'static'. Did you forget to register or load this tag?
ERROR 2020-06-28 14:33:25,777 basehttp 157 "GET /register/ HTTP/1.1" 500 147984
INFO 2020-06-28 14:34:33,219 autoreload 598 Watching for file changes with StatReloader
INFO 2020-06-28 14:34:35,049 basehttp 157 "GET /register/ HTTP/1.1" 200 5166
WARNING 2020-06-28 14:34:35,176 basehttp 157 "GET /static/js/axios.min.map HTTP/1.1" 404 1678
INFO 2020-06-28 14:44:53,591 autoreload 598 Watching for file changes with StatReloader
INFO 2020-06-28 14:44:57,131 basehttp 157 "GET /register/ HTTP/1.1" 200 5166
WARNING 2020-06-28 14:44:57,289 basehttp 157 "GET /static/js/axios.min.map HTTP/1.1" 404 1678
WARNING 2020-06-28 14:45:48,933 log 228 Bad Request: /imagecode/
WARNING 2020-06-28 14:45:48,933 basehttp 157 "GET /imagecode/?uuid-1234 HTTP/1.1" 400 18
INFO 2020-06-28 14:48:02,852 autoreload 598 Watching for file changes with StatReloader
INFO 2020-06-28 14:48:08,352 basehttp 157 "GET /imagecode/?uuid=1234 HTTP/1.1" 200 3236
INFO 2020-06-28 14:53:07,248 autoreload 598 Watching for file changes with StatReloader
INFO 2020-06-28 14:53:07,571 basehttp 157 "GET /register/ HTTP/1.1" 200 5166
WARNING 2020-06-28 14:53:07,788 basehttp 157 "GET /static/js/axios.min.map HTTP/1.1" 404 1678
INFO 2020-06-29 03:59:54,977 autoreload 598 Watching for file changes with StatReloader
WARNING 2020-06-29 03:59:58,623 log 228 Not Found: /
WARNING 2020-06-29 03:59:58,623 basehttp 157 "GET / HTTP/1.1" 404 2271
WARNING 2020-06-29 03:59:58,812 log 228 Not Found: /favicon.ico
WARNING 2020-06-29 03:59:58,812 basehttp 157 "GET /favicon.ico HTTP/1.1" 404 2322
INFO 2020-06-29 04:00:08,458 basehttp 157 "GET /register HTTP/1.1" 301 0
INFO 2020-06-29 04:00:08,522 basehttp 157 "GET /register/ HTTP/1.1" 200 5166
INFO 2020-06-29 04:00:08,573 basehttp 157 "GET /static/bootstrap/css/bootstrap.min.css HTTP/1.1" 200 140942
INFO 2020-06-29 04:00:08,699 basehttp 157 "GET /static/js/host.js HTTP/1.1" 200 40
INFO 2020-06-29 04:00:08,700 basehttp 157 "GET /static/js/axios-0.18.0.min.js HTTP/1.1" 200 12941
INFO 2020-06-29 04:00:08,702 basehttp 157 "GET /static/js/register.js HTTP/1.1" 200 6407
INFO 2020-06-29 04:00:08,703 basehttp 157 "GET /static/js/common.js HTTP/1.1" 200 891
INFO 2020-06-29 04:00:09,629 basehttp 157 "GET /static/js/vue-2.5.16.js HTTP/1.1" 200 289307
INFO 2020-06-29 04:00:12,226 basehttp 157 "GET /imagecode/?uuid=77ff4fc6-e9ff-42ca-a3ce-32c44af49254 HTTP/1.1" 200 3282
INFO 2020-06-29 04:00:13,830 basehttp 157 "GET /imagecode/?uuid=80b0fd14-752d-4a9e-915a-dd2a5a7561be HTTP/1.1" 200 3040
INFO 2020-06-29 04:00:15,190 basehttp 157 "GET /imagecode/?uuid=727c88aa-2fcd-4821-8d45-e9ab53c26cc0 HTTP/1.1" 200 3358
INFO 2020-06-29 04:00:16,405 basehttp 157 "GET /imagecode/?uuid=df1cf20d-a80a-4cca-8bca-a0cbc312e0aa HTTP/1.1" 200 3006
INFO 2020-06-29 06:34:00,842 autoreload 598 Watching for file changes with StatReloader
INFO 2020-06-29 06:34:05,663 basehttp 157 "GET / HTTP/1.1" 200 11726
WARNING 2020-06-29 06:34:05,712 log 228 Not Found: /md_css/monokai.css
WARNING 2020-06-29 06:34:05,713 basehttp 157 "GET /md_css/monokai.css HTTP/1.1" 404 2504
WARNING 2020-06-29 06:34:05,713 log 228 Not Found: /bootstrap/css/bootstrap.min.css
WARNING 2020-06-29 06:34:05,713 basehttp 157 "GET /bootstrap/css/bootstrap.min.css HTTP/1.1" 404 2543
WARNING 2020-06-29 06:34:05,719 log 228 Not Found: /common/common.css
WARNING 2020-06-29 06:34:05,719 basehttp 157 "GET /common/common.css HTTP/1.1" 404 2501
WARNING 2020-06-29 06:34:05,722 log 228 Not Found: /common/jquery.pagination.css
WARNING 2020-06-29 06:34:05,722 basehttp 157 "GET /common/jquery.pagination.css HTTP/1.1" 404 2534
WARNING 2020-06-29 06:34:05,760 log 228 Not Found: /js/vue-2.5.16.js
WARNING 2020-06-29 06:34:05,763 basehttp 157 "GET /js/vue-2.5.16.js HTTP/1.1" 404 2498
WARNING 2020-06-29 06:34:05,763 log 228 Not Found: /js/axios-0.18.0.min.js
WARNING 2020-06-29 06:34:05,766 basehttp 157 "GET /js/axios-0.18.0.min.js HTTP/1.1" 404 2516
WARNING 2020-06-29 06:34:05,766 log 228 Not Found: /js/jquery-1.12.4.min.js
WARNING 2020-06-29 06:34:05,767 basehttp 157 "GET /js/jquery-1.12.4.min.js HTTP/1.1" 404 2519
WARNING 2020-06-29 06:34:05,798 log 228 Not Found: /js/host.js
WARNING 2020-06-29 06:34:05,798 basehttp 157 "GET /js/host.js HTTP/1.1" 404 2480
WARNING 2020-06-29 06:34:05,828 log 228 Not Found: /js/common.js
WARNING 2020-06-29 06:34:05,828 basehttp 157 "GET /js/common.js HTTP/1.1" 404 2486
WARNING 2020-06-29 06:34:05,857 log 228 Not Found: /js/index.js
WARNING 2020-06-29 06:34:05,857 basehttp 157 "GET /js/index.js HTTP/1.1" 404 2483
WARNING 2020-06-29 06:34:05,883 log 228 Not Found: /js/jquery.pagination.min.js
WARNING 2020-06-29 06:34:05,884 basehttp 157 "GET /js/jquery.pagination.min.js HTTP/1.1" 404 2531
WARNING 2020-06-29 06:34:05,913 log 228 Not Found: /img/1.jpg
WARNING 2020-06-29 06:34:05,913 basehttp 157 "GET /img/1.jpg HTTP/1.1" 404 2477
WARNING 2020-06-29 06:34:06,648 log 228 Not Found: /js/axios-0.18.0.min.js
WARNING 2020-06-29 06:34:06,649 basehttp 157 "GET /js/axios-0.18.0.min.js HTTP/1.1" 404 2516
WARNING 2020-06-29 06:34:06,673 log 228 Not Found: /js/jquery-1.12.4.min.js
WARNING 2020-06-29 06:34:06,673 basehttp 157 "GET /js/jquery-1.12.4.min.js HTTP/1.1" 404 2519
WARNING 2020-06-29 06:34:06,701 log 228 Not Found: /img/1.jpg
WARNING 2020-06-29 06:34:06,702 basehttp 157 "GET /img/1.jpg HTTP/1.1" 404 2477
WARNING 2020-06-29 06:34:06,794 log 228 Not Found: /js/host.js
WARNING 2020-06-29 06:34:06,795 basehttp 157 "GET /js/host.js HTTP/1.1" 404 2480
WARNING 2020-06-29 06:34:06,818 log 228 Not Found: /js/common.js
WARNING 2020-06-29 06:34:06,818 basehttp 157 "GET /js/common.js HTTP/1.1" 404 2486
WARNING 2020-06-29 06:34:06,844 log 228 Not Found: /js/index.js
WARNING 2020-06-29 06:34:06,844 basehttp 157 "GET /js/index.js HTTP/1.1" 404 2483
WARNING 2020-06-29 06:34:06,874 log 228 Not Found: /js/jquery.pagination.min.js
WARNING 2020-06-29 06:34:06,874 basehttp 157 "GET /js/jquery.pagination.min.js HTTP/1.1" 404 2531
INFO 2020-06-29 06:34:14,467 basehttp 157 "GET /register/ HTTP/1.1" 200 5290
INFO 2020-06-29 06:34:14,506 basehttp 157 "GET /static/bootstrap/css/bootstrap.min.css HTTP/1.1" 304 0
INFO 2020-06-29 06:34:14,536 basehttp 157 "GET /static/js/vue-2.5.16.js HTTP/1.1" 304 0
INFO 2020-06-29 06:34:14,543 basehttp 157 "GET /static/js/axios-0.18.0.min.js HTTP/1.1" 304 0
INFO 2020-06-29 06:34:14,543 basehttp 157 "GET /static/js/common.js HTTP/1.1" 304 0
INFO 2020-06-29 06:34:14,544 basehttp 157 "GET /static/js/host.js HTTP/1.1" 304 0
INFO 2020-06-29 06:34:14,545 basehttp 157 "GET /static/js/register.js HTTP/1.1" 304 0
INFO 2020-06-29 06:34:14,666 basehttp 157 "GET /imagecode/?uuid=20513d2a-5a85-428f-a0ae-59b30904ffdf HTTP/1.1" 200 3165
WARNING 2020-06-29 06:34:37,781 log 228 Not Found: /smscode/
WARNING 2020-06-29 06:34:37,781 basehttp 157 "GET /smscode/?mobile=18222359528&image_code=XJ4E&uuid=20513d2a-5a85-428f-a0ae-59b30904ffdf HTTP/1.1" 404 2559
WARNING 2020-06-29 06:34:43,638 basehttp 157 "GET /static/js/axios.min.map HTTP/1.1" 404 1678
INFO 2020-06-29 06:34:43,676 basehttp 157 "GET /static/bootstrap/css/bootstrap.min.css.map HTTP/1.1" 200 562427
INFO 2020-06-29 06:35:01,317 basehttp 157 "GET /register/ HTTP/1.1" 200 5290
WARNING 2020-06-29 06:35:01,403 basehttp 157 "GET /static/js/axios.min.map HTTP/1.1" 404 1678
INFO 2020-06-29 06:35:01,448 basehttp 157 "GET /imagecode/?uuid=fefb55ce-1a13-4b19-a01d-19ca61bf5e3c HTTP/1.1" 200 3426
INFO 2020-06-29 06:35:10,897 basehttp 157 "GET /imagecode/?uuid=fd6c5873-bade-482f-b109-819cab35d5c3 HTTP/1.1" 200 3047
INFO 2020-06-29 06:35:11,714 basehttp 157 "GET /imagecode/?uuid=ff2adc5e-4643-4ea9-8744-f34192d23fdc HTTP/1.1" 200 3476
INFO 2020-06-29 06:35:13,763 basehttp 157 "GET /register/ HTTP/1.1" 200 5290
WARNING 2020-06-29 06:35:13,826 basehttp 157 "GET /static/js/axios.min.map HTTP/1.1" 404 1678
INFO 2020-06-29 06:35:13,875 basehttp 157 "GET /imagecode/?uuid=6afc89b8-37b6-42ec-b6d1-39751cec54b4 HTTP/1.1" 200 3516
WARNING 2020-06-29 06:35:40,160 log 228 Not Found: /smscode/
WARNING 2020-06-29 06:35:40,160 basehttp 157 "GET /smscode/?mobile=18222359528&image_code=MLDP&uuid=6afc89b8-37b6-42ec-b6d1-39751cec54b4 HTTP/1.1" 404 2559
INFO 2020-06-29 06:37:10,396 autoreload 598 Watching for file changes with StatReloader
WARNING 2020-06-29 06:37:12,956 log 228 Not Found: /smscode/
WARNING 2020-06-29 06:37:12,956 basehttp 157 "GET /smscode/?mobile=18222359528&image_code=MLDP&uuid=6afc89b8-37b6-42ec-b6d1-39751cec54b4 HTTP/1.1" 404 2559
INFO 2020-06-29 06:38:38,399 autoreload 598 Watching for file changes with StatReloader
INFO 2020-06-29 06:38:40,232 views 78 682435
INFO 2020-06-29 06:38:40,578 basehttp 157 "GET /smscode/?mobile=18222359528&image_code=MLDP&uuid=6afc89b8-37b6-42ec-b6d1-39751cec54b4 HTTP/1.1" 200 63
INFO 2020-06-29 06:38:46,134 basehttp 157 "GET /register/ HTTP/1.1" 200 5290
WARNING 2020-06-29 06:38:46,211 basehttp 157 "GET /static/js/axios.min.map HTTP/1.1" 404 1678
INFO 2020-06-29 06:38:46,264 basehttp 157 "GET /imagecode/?uuid=2626b742-0413-4da5-bf70-e46bd99ece2f HTTP/1.1" 200 3109
INFO 2020-06-29 06:39:05,656 views 78 429513
INFO 2020-06-29 06:39:05,844 basehttp 157 "GET /smscode/?mobile=18222359528&image_code=4UMZ&uuid=2626b742-0413-4da5-bf70-e46bd99ece2f HTTP/1.1" 200 63
WARNING 2020-06-29 06:39:23,818 base 102 Method Not Allowed (POST): /register/
WARNING 2020-06-29 06:39:23,818 log 228 Method Not Allowed: /register/
WARNING 2020-06-29 06:39:23,818 basehttp 157 "POST /register/ HTTP/1.1" 405 0
INFO 2020-06-29 12:04:25,273 autoreload 598 Watching for file changes with StatReloader
INFO 2020-06-29 12:04:34,356 basehttp 157 "GET / HTTP/1.1" 200 11726
WARNING 2020-06-29 12:04:34,583 log 228 Not Found: /bootstrap/css/bootstrap.min.css
WARNING 2020-06-29 12:04:34,583 basehttp 157 "GET /bootstrap/css/bootstrap.min.css HTTP/1.1" 404 2714
WARNING 2020-06-29 12:04:34,594 log 228 Not Found: /common/common.css
WARNING 2020-06-29 12:04:34,594 basehttp 157 "GET /common/common.css HTTP/1.1" 404 2672
WARNING 2020-06-29 12:04:34,597 log 228 Not Found: /js/axios-0.18.0.min.js
WARNING 2020-06-29 12:04:34,600 basehttp 157 "GET /js/axios-0.18.0.min.js HTTP/1.1" 404 2687
WARNING 2020-06-29 12:04:34,602 log 228 Not Found: /common/jquery.pagination.css
WARNING 2020-06-29 12:04:34,605 basehttp 157 "GET /common/jquery.pagination.css HTTP/1.1" 404 2705
WARNING 2020-06-29 12:04:34,599 log 228 Not Found: /md_css/monokai.css
WARNING 2020-06-29 12:04:34,605 basehttp 157 "GET /md_css/monokai.css HTTP/1.1" 404 2675
WARNING 2020-06-29 12:04:34,604 log 228 Not Found: /js/vue-2.5.16.js
WARNING 2020-06-29 12:04:34,605 basehttp 157 "GET /js/vue-2.5.16.js HTTP/1.1" 404 2669
WARNING 2020-06-29 12:04:34,631 log 228 Not Found: /js/jquery-1.12.4.min.js
WARNING 2020-06-29 12:04:34,631 basehttp 157 "GET /js/jquery-1.12.4.min.js HTTP/1.1" 404 2690
WARNING 2020-06-29 12:04:34,659 log 228 Not Found: /js/host.js
WARNING 2020-06-29 12:04:34,659 basehttp 157 "GET /js/host.js HTTP/1.1" 404 2651
WARNING 2020-06-29 12:04:34,687 log 228 Not Found: /js/common.js
WARNING 2020-06-29 12:04:34,688 basehttp 157 "GET /js/common.js HTTP/1.1" 404 2657
WARNING 2020-06-29 12:04:34,711 log 228 Not Found: /js/index.js
WARNING 2020-06-29 12:04:34,711 basehttp 157 "GET /js/index.js HTTP/1.1" 404 2654
WARNING 2020-06-29 12:04:34,747 log 228 Not Found: /js/jquery.pagination.min.js
WARNING 2020-06-29 12:04:34,747 basehttp 157 "GET /js/jquery.pagination.min.js HTTP/1.1" 404 2702
WARNING 2020-06-29 12:04:34,766 log 228 Not Found: /img/1.jpg
WARNING 2020-06-29 12:04:34,766 basehttp 157 "GET /img/1.jpg HTTP/1.1" 404 2648
WARNING 2020-06-29 12:04:35,773 log 228 Not Found: /js/axios-0.18.0.min.js
WARNING 2020-06-29 12:04:35,773 basehttp 157 "GET /js/axios-0.18.0.min.js HTTP/1.1" 404 2687
WARNING 2020-06-29 12:04:35,799 log 228 Not Found: /js/jquery-1.12.4.min.js
WARNING 2020-06-29 12:04:35,799 basehttp 157 "GET /js/jquery-1.12.4.min.js HTTP/1.1" 404 2690
WARNING 2020-06-29 12:04:35,831 log 228 Not Found: /img/1.jpg
WARNING 2020-06-29 12:04:35,832 basehttp 157 "GET /img/1.jpg HTTP/1.1" 404 2648
WARNING 2020-06-29 12:04:35,901 log 228 Not Found: /js/host.js
WARNING 2020-06-29 12:04:35,902 basehttp 157 "GET /js/host.js HTTP/1.1" 404 2651
WARNING 2020-06-29 12:04:35,937 log 228 Not Found: /js/common.js
WARNING 2020-06-29 12:04:35,938 basehttp 157 "GET /js/common.js HTTP/1.1" 404 2657
WARNING 2020-06-29 12:04:35,973 log 228 Not Found: /js/index.js
WARNING 2020-06-29 12:04:35,973 basehttp 157 "GET /js/index.js HTTP/1.1" 404 2654
WARNING 2020-06-29 12:04:36,010 log 228 Not Found: /js/jquery.pagination.min.js
WARNING 2020-06-29 12:04:36,011 basehttp 157 "GET /js/jquery.pagination.min.js HTTP/1.1" 404 2702
WARNING 2020-06-29 12:04:36,726 log 228 Not Found: /favicon.ico
WARNING 2020-06-29 12:04:36,726 basehttp 157 "GET /favicon.ico HTTP/1.1" 404 2654
INFO 2020-06-29 12:04:39,846 basehttp 157 "GET /register/ HTTP/1.1" 200 5290
INFO 2020-06-29 12:04:39,903 basehttp 157 "GET /static/bootstrap/css/bootstrap.min.css HTTP/1.1" 304 0
INFO 2020-06-29 12:04:39,938 basehttp 157 "GET /static/js/axios-0.18.0.min.js HTTP/1.1" 304 0
INFO 2020-06-29 12:04:39,940 basehttp 157 "GET /static/js/vue-2.5.16.js HTTP/1.1" 304 0
INFO 2020-06-29 12:04:39,940 basehttp 157 "GET /static/js/host.js HTTP/1.1" 200 40
INFO 2020-06-29 12:04:39,942 basehttp 157 "GET /static/js/register.js HTTP/1.1" 304 0
INFO 2020-06-29 12:04:39,943 basehttp 157 "GET /static/js/common.js HTTP/1.1" 304 0
INFO 2020-06-29 12:04:40,162 basehttp 157 "GET /imagecode/?uuid=730c4232-11e0-47b8-856d-52018d957f11 HTTP/1.1" 200 3189
INFO 2020-06-29 12:04:59,919 views 157 399246
INFO 2020-06-29 12:05:01,037 basehttp 157 "GET /smscode/?mobile=18222359528&image_code=YQDZ&uuid=730c4232-11e0-47b8-856d-52018d957f11 HTTP/1.1" 200 63
ERROR 2020-06-29 12:05:19,469 log 228 Internal Server Error: /register/
Traceback (most recent call last):
  File "/root/.virtualenvs/Blog/lib/python3.7/site-packages/django/core/handlers/exception.py", line 34, in inner
    response = get_response(request)
  File "/root/.virtualenvs/Blog/lib/python3.7/site-packages/django/core/handlers/base.py", line 115, in _get_response
    response = self.process_exception_by_middleware(e, request)
  File "/root/.virtualenvs/Blog/lib/python3.7/site-packages/django/core/handlers/base.py", line 113, in _get_response
    response = wrapped_callback(request, *callback_args, **callback_kwargs)
  File "/root/.virtualenvs/Blog/lib/python3.7/site-packages/django/views/generic/base.py", line 71, in view
    return self.dispatch(request, *args, **kwargs)
  File "/root/.virtualenvs/Blog/lib/python3.7/site-packages/django/views/generic/base.py", line 97, in dispatch
    return handler(request, *args, **kwargs)
  File "/root/Blog01/Blog/users/views.py", line 40, in post
    if not re.match(r'^1[3-9]\d{9}$',mobile):
NameError: name 're' is not defined
ERROR 2020-06-29 12:05:19,494 basehttp 157 "POST /register/ HTTP/1.1" 500 79926
INFO 2020-06-29 12:07:48,038 autoreload 598 Watching for file changes with StatReloader
INFO 2020-06-29 12:07:50,067 basehttp 157 "GET /imagecode/?uuid=d18b3a7d-8f1d-4dde-b503-010290496226 HTTP/1.1" 200 3438
INFO 2020-06-29 12:08:29,248 views 158 655464
INFO 2020-06-29 12:08:29,508 basehttp 157 "GET /smscode/?mobile=18222359528&image_code=3M6Q&uuid=d18b3a7d-8f1d-4dde-b503-010290496226 HTTP/1.1" 200 63
ERROR 2020-06-29 12:08:41,622 log 228 Internal Server Error: /register/
Traceback (most recent call last):
  File "/root/.virtualenvs/Blog/lib/python3.7/site-packages/django/core/handlers/exception.py", line 34, in inner
    response = get_response(request)
  File "/root/.virtualenvs/Blog/lib/python3.7/site-packages/django/core/handlers/base.py", line 115, in _get_response
    response = self.process_exception_by_middleware(e, request)
  File "/root/.virtualenvs/Blog/lib/python3.7/site-packages/django/core/handlers/base.py", line 113, in _get_response
    response = wrapped_callback(request, *callback_args, **callback_kwargs)
  File "/root/.virtualenvs/Blog/lib/python3.7/site-packages/django/views/generic/base.py", line 71, in view
    return self.dispatch(request, *args, **kwargs)
  File "/root/.virtualenvs/Blog/lib/python3.7/site-packages/django/views/generic/base.py", line 97, in dispatch
    return handler(request, *args, **kwargs)
  File "/root/Blog01/Blog/users/views.py", line 59, in post
    user=User.objects.create_user(username=mobile,
NameError: name 'User' is not defined
ERROR 2020-06-29 12:08:41,649 basehttp 157 "POST /register/ HTTP/1.1" 500 80214
INFO 2020-06-29 12:10:03,901 autoreload 598 Watching for file changes with StatReloader
INFO 2020-06-29 12:10:05,632 basehttp 157 "GET /imagecode/?uuid=b3f9d8c6-e0c1-4f44-bc82-ef230fcb758f HTTP/1.1" 200 2891
INFO 2020-06-29 12:10:27,406 views 159 733459
INFO 2020-06-29 12:10:27,564 basehttp 157 "GET /smscode/?mobile=18222359528&image_code=X7SC&uuid=b3f9d8c6-e0c1-4f44-bc82-ef230fcb758f HTTP/1.1" 200 63
INFO 2020-06-29 12:10:43,768 basehttp 157 "POST /register/ HTTP/1.1" 302 0
INFO 2020-06-29 12:10:43,844 basehttp 157 "GET / HTTP/1.1" 200 11726
WARNING 2020-06-29 12:10:43,902 log 228 Not Found: /bootstrap/css/bootstrap.min.css
WARNING 2020-06-29 12:10:43,903 basehttp 157 "GET /bootstrap/css/bootstrap.min.css HTTP/1.1" 404 2714
WARNING 2020-06-29 12:10:43,910 log 228 Not Found: /md_css/monokai.css
WARNING 2020-06-29 12:10:43,910 basehttp 157 "GET /md_css/monokai.css HTTP/1.1" 404 2675
WARNING 2020-06-29 12:10:43,915 log 228 Not Found: /common/common.css
WARNING 2020-06-29 12:10:43,915 basehttp 157 "GET /common/common.css HTTP/1.1" 404 2672
WARNING 2020-06-29 12:10:43,935 log 228 Not Found: /common/jquery.pagination.css
WARNING 2020-06-29 12:10:43,935 basehttp 157 "GET /common/jquery.pagination.css HTTP/1.1" 404 2705
WARNING 2020-06-29 12:10:43,938 log 228 Not Found: /js/jquery-1.12.4.min.js
WARNING 2020-06-29 12:10:43,938 basehttp 157 "GET /js/jquery-1.12.4.min.js HTTP/1.1" 404 2690
WARNING 2020-06-29 12:10:43,941 log 228 Not Found: /js/vue-2.5.16.js
WARNING 2020-06-29 12:10:43,941 basehttp 157 "GET /js/vue-2.5.16.js HTTP/1.1" 404 2669
WARNING 2020-06-29 12:10:43,949 log 228 Not Found: /js/axios-0.18.0.min.js
WARNING 2020-06-29 12:10:43,949 basehttp 157 "GET /js/axios-0.18.0.min.js HTTP/1.1" 404 2687
WARNING 2020-06-29 12:10:43,976 log 228 Not Found: /js/host.js
WARNING 2020-06-29 12:10:43,977 basehttp 157 "GET /js/host.js HTTP/1.1" 404 2651
WARNING 2020-06-29 12:10:43,983 log 228 Not Found: /js/common.js
WARNING 2020-06-29 12:10:43,983 basehttp 157 "GET /js/common.js HTTP/1.1" 404 2657
WARNING 2020-06-29 12:10:43,999 log 228 Not Found: /js/axios-0.18.0.min.js
WARNING 2020-06-29 12:10:44,000 basehttp 157 "GET /js/axios-0.18.0.min.js HTTP/1.1" 404 2687
WARNING 2020-06-29 12:10:44,021 log 228 Not Found: /js/index.js
WARNING 2020-06-29 12:10:44,021 basehttp 157 "GET /js/index.js HTTP/1.1" 404 2654
WARNING 2020-06-29 12:10:44,037 log 228 Not Found: /js/jquery-1.12.4.min.js
WARNING 2020-06-29 12:10:44,041 basehttp 157 "GET /js/jquery-1.12.4.min.js HTTP/1.1" 404 2690
WARNING 2020-06-29 12:10:44,041 log 228 Not Found: /js/jquery.pagination.min.js
WARNING 2020-06-29 12:10:44,042 basehttp 157 "GET /js/jquery.pagination.min.js HTTP/1.1" 404 2702
WARNING 2020-06-29 12:10:44,062 log 228 Not Found: /img/1.jpg
WARNING 2020-06-29 12:10:44,062 basehttp 157 "GET /img/1.jpg HTTP/1.1" 404 2648
WARNING 2020-06-29 12:10:44,099 log 228 Not Found: /js/host.js
WARNING 2020-06-29 12:10:44,099 basehttp 157 "GET /js/host.js HTTP/1.1" 404 2651
WARNING 2020-06-29 12:10:44,128 log 228 Not Found: /js/common.js
WARNING 2020-06-29 12:10:44,128 basehttp 157 "GET /js/common.js HTTP/1.1" 404 2657
WARNING 2020-06-29 12:10:44,158 log 228 Not Found: /js/index.js
WARNING 2020-06-29 12:10:44,159 basehttp 157 "GET /js/index.js HTTP/1.1" 404 2654
WARNING 2020-06-29 12:10:44,184 log 228 Not Found: /js/jquery.pagination.min.js
WARNING 2020-06-29 12:10:44,185 basehttp 157 "GET /js/jquery.pagination.min.js HTTP/1.1" 404 2702
INFO 2020-06-29 12:10:58,742 basehttp 157 "GET / HTTP/1.1" 200 11726
WARNING 2020-06-29 12:10:58,790 log 228 Not Found: /common/jquery.pagination.css
WARNING 2020-06-29 12:10:58,794 basehttp 157 "GET /common/jquery.pagination.css HTTP/1.1" 404 2705
WARNING 2020-06-29 12:10:58,793 log 228 Not Found: /md_css/monokai.css
WARNING 2020-06-29 12:10:58,795 basehttp 157 "GET /md_css/monokai.css HTTP/1.1" 404 2675
WARNING 2020-06-29 12:10:58,815 log 228 Not Found: /common/common.css
WARNING 2020-06-29 12:10:58,824 basehttp 157 "GET /common/common.css HTTP/1.1" 404 2672
WARNING 2020-06-29 12:10:58,820 log 228 Not Found: /bootstrap/css/bootstrap.min.css
WARNING 2020-06-29 12:10:58,825 basehttp 157 "GET /bootstrap/css/bootstrap.min.css HTTP/1.1" 404 2714
WARNING 2020-06-29 12:10:58,832 log 228 Not Found: /js/axios-0.18.0.min.js
WARNING 2020-06-29 12:10:58,836 basehttp 157 "GET /js/axios-0.18.0.min.js HTTP/1.1" 404 2687
WARNING 2020-06-29 12:10:58,846 log 228 Not Found: /js/vue-2.5.16.js
WARNING 2020-06-29 12:10:58,852 basehttp 157 "GET /js/vue-2.5.16.js HTTP/1.1" 404 2669
WARNING 2020-06-29 12:10:58,856 log 228 Not Found: /js/jquery-1.12.4.min.js
WARNING 2020-06-29 12:10:58,860 basehttp 157 "GET /js/jquery-1.12.4.min.js HTTP/1.1" 404 2690
WARNING 2020-06-29 12:10:58,895 log 228 Not Found: /js/host.js
WARNING 2020-06-29 12:10:58,899 basehttp 157 "GET /js/host.js HTTP/1.1" 404 2651
WARNING 2020-06-29 12:10:58,899 log 228 Not Found: /js/axios-0.18.0.min.js
WARNING 2020-06-29 12:10:58,900 basehttp 157 "GET /js/axios-0.18.0.min.js HTTP/1.1" 404 2687
WARNING 2020-06-29 12:10:58,931 log 228 Not Found: /js/jquery-1.12.4.min.js
WARNING 2020-06-29 12:10:58,934 basehttp 157 "GET /js/jquery-1.12.4.min.js HTTP/1.1" 404 2690
WARNING 2020-06-29 12:10:58,933 log 228 Not Found: /js/common.js
WARNING 2020-06-29 12:10:58,934 basehttp 157 "GET /js/common.js HTTP/1.1" 404 2657
WARNING 2020-06-29 12:10:58,975 log 228 Not Found: /js/index.js
WARNING 2020-06-29 12:10:58,975 basehttp 157 "GET /js/index.js HTTP/1.1" 404 2654
WARNING 2020-06-29 12:10:59,003 log 228 Not Found: /js/jquery.pagination.min.js
WARNING 2020-06-29 12:10:59,003 basehttp 157 "GET /js/jquery.pagination.min.js HTTP/1.1" 404 2702
WARNING 2020-06-29 12:10:59,006 log 228 Not Found: /img/1.jpg
WARNING 2020-06-29 12:10:59,008 basehttp 157 "GET /img/1.jpg HTTP/1.1" 404 2648
WARNING 2020-06-29 12:10:59,008 log 228 Not Found: /js/host.js
WARNING 2020-06-29 12:10:59,009 basehttp 157 "GET /js/host.js HTTP/1.1" 404 2651
WARNING 2020-06-29 12:10:59,067 log 228 Not Found: /js/common.js
WARNING 2020-06-29 12:10:59,068 basehttp 157 "GET /js/common.js HTTP/1.1" 404 2657
WARNING 2020-06-29 12:10:59,099 log 228 Not Found: /js/index.js
WARNING 2020-06-29 12:10:59,100 basehttp 157 "GET /js/index.js HTTP/1.1" 404 2654
WARNING 2020-06-29 12:10:59,147 log 228 Not Found: /js/jquery.pagination.min.js
WARNING 2020-06-29 12:10:59,148 basehttp 157 "GET /js/jquery.pagination.min.js HTTP/1.1" 404 2702
INFO 2020-06-29 12:11:02,730 basehttp 157 "GET /register/ HTTP/1.1" 200 5290
INFO 2020-06-29 12:11:02,882 basehttp 157 "GET /imagecode/?uuid=9051b951-796e-41eb-85e2-08cdcfd7bf37 HTTP/1.1" 200 3373
WARNING 2020-06-29 12:11:04,312 log 228 Not Found: /bootstrap/css/bootstrap.min.css
WARNING 2020-06-29 12:11:04,313 basehttp 157 "GET /bootstrap/css/bootstrap.min.css HTTP/1.1" 404 2714
WARNING 2020-06-29 12:11:04,327 log 228 Not Found: /common/common.css
WARNING 2020-06-29 12:11:04,332 basehttp 157 "GET /common/common.css HTTP/1.1" 404 2672
WARNING 2020-06-29 12:11:04,332 log 228 Not Found: /md_css/monokai.css
WARNING 2020-06-29 12:11:04,332 basehttp 157 "GET /md_css/monokai.css HTTP/1.1" 404 2675
WARNING 2020-06-29 12:11:04,345 log 228 Not Found: /js/jquery-1.12.4.min.js
WARNING 2020-06-29 12:11:04,348 basehttp 157 "GET /js/jquery-1.12.4.min.js HTTP/1.1" 404 2690
WARNING 2020-06-29 12:11:04,350 log 228 Not Found: /js/axios-0.18.0.min.js
WARNING 2020-06-29 12:11:04,351 basehttp 157 "GET /js/axios-0.18.0.min.js HTTP/1.1" 404 2687
WARNING 2020-06-29 12:11:04,374 log 228 Not Found: /js/host.js
WARNING 2020-06-29 12:11:04,374 basehttp 157 "GET /js/host.js HTTP/1.1" 404 2651
WARNING 2020-06-29 12:11:04,389 log 228 Not Found: /js/common.js
WARNING 2020-06-29 12:11:04,390 basehttp 157 "GET /js/common.js HTTP/1.1" 404 2657
WARNING 2020-06-29 12:11:04,403 log 228 Not Found: /img/1.jpg
WARNING 2020-06-29 12:11:04,403 basehttp 157 "GET /img/1.jpg HTTP/1.1" 404 2648
